{
  "RSpec": {
    "coverage": {
      "/Users/troiani/Developer/MariaRonin/air_bnb/app/app.rb": [
        1,
        null,
        1,
        1,
        1,
        1,
        1,
        1,
        1,
        1,
        1
      ],
      "/Users/troiani/Developer/MariaRonin/air_bnb/app/data_mapper_setup.rb": [
        1,
        1,
        1,
        1,
        1,
        null,
        1,
        null,
        null,
        1,
        null,
        1
      ],
      "/Users/troiani/Developer/MariaRonin/air_bnb/app/models/user.rb": [
        1,
        1,
        1,
        null,
        1,
        1,
        null,
        1,
        null,
        1,
        1,
        null,
        1,
        1,
        1,
        1,
        1,
        1,
        1,
        null,
        1,
        null,
        1,
        42,
        42,
        null,
        null,
        1,
        7,
        7,
        3,
        null,
        null,
        null,
        1,
        12,
        12,
        12,
        null,
        null,
        1,
        10,
        10,
        8,
        null,
        null,
        null
      ],
      "/Users/troiani/Developer/MariaRonin/air_bnb/app/models/space.rb": [
        1,
        1,
        null,
        1,
        1,
        1,
        1,
        1,
        1,
        null,
        1,
        null,
        null
      ],
      "/Users/troiani/Developer/MariaRonin/air_bnb/app/server.rb": [
        1,
        1,
        1,
        1,
        1,
        1,
        1,
        null,
        1,
        null,
        null,
        1,
        null,
        null,
        1,
        1,
        391,
        null,
        null,
        null
      ],
      "/Users/troiani/Developer/MariaRonin/air_bnb/app/controllers/spaces.rb": [
        1,
        null,
        1,
        1,
        null,
        null,
        1,
        71,
        1,
        null,
        70,
        null,
        71,
        null,
        null,
        1,
        15,
        null,
        null,
        1,
        11,
        null,
        null,
        null,
        null,
        null,
        11,
        3,
        3,
        null,
        8,
        null,
        null,
        null
      ],
      "/Users/troiani/Developer/MariaRonin/air_bnb/app/controllers/users.rb": [
        1,
        null,
        1,
        33,
        null,
        null,
        1,
        33,
        null,
        null,
        33,
        5,
        null,
        28,
        null,
        33,
        null,
        null,
        1,
        10,
        null,
        null,
        1,
        9,
        9,
        8,
        8,
        null,
        null,
        1,
        null,
        9,
        null,
        null,
        1,
        5,
        4,
        null,
        1,
        1,
        null,
        null,
        null,
        1,
        3,
        3,
        null,
        2,
        null,
        1,
        1,
        null,
        null,
        null
      ],
      "/Users/troiani/Developer/MariaRonin/air_bnb/app/controllers/sessions.rb": [
        1,
        null,
        1,
        9,
        null,
        null,
        1,
        10,
        10,
        null,
        null,
        1,
        4,
        4,
        2,
        null,
        2,
        2,
        null,
        4,
        null,
        null
      ],
      "/Users/troiani/Developer/MariaRonin/air_bnb/spec/helpers/session.rb": [
        1,
        1,
        null,
        null,
        null,
        null,
        null,
        33,
        33,
        33,
        33,
        33,
        33,
        33,
        null,
        null,
        1,
        null,
        null,
        null,
        null,
        null,
        11,
        11,
        11,
        11,
        11,
        11,
        11,
        null,
        null,
        1,
        null,
        4,
        4,
        4,
        4,
        null,
        null,
        1,
        10,
        null,
        null,
        1,
        9,
        9,
        9,
        null,
        null,
        1,
        null,
        3,
        3,
        3,
        3,
        null,
        null
      ],
      "/Users/troiani/Developer/MariaRonin/air_bnb/spec/features/create_space_spec.rb": [
        1,
        1,
        1,
        2,
        1,
        1,
        1,
        1,
        null,
        null,
        1,
        1,
        1,
        1,
        1,
        null,
        null,
        1,
        1,
        1,
        1,
        1,
        2,
        2,
        2,
        null,
        null,
        1,
        1,
        1,
        1,
        null,
        null
      ],
      "/Users/troiani/Developer/MariaRonin/air_bnb/spec/features/login_spec.rb": [
        1,
        1,
        4,
        4,
        null,
        null,
        1,
        1,
        1,
        null,
        null,
        1,
        1,
        1,
        null,
        null,
        1,
        1,
        1,
        null,
        null,
        1,
        1,
        1,
        null,
        null
      ],
      "/Users/troiani/Developer/MariaRonin/air_bnb/spec/features/logout_spec.rb": [
        1,
        1,
        1,
        1,
        1,
        1,
        null,
        null
      ],
      "/Users/troiani/Developer/MariaRonin/air_bnb/spec/features/password_recovery_spec.rb": [
        1,
        1,
        12,
        null,
        null,
        4,
        null,
        1,
        1,
        1,
        1,
        1,
        null,
        null,
        1,
        1,
        1,
        1,
        1,
        null,
        null,
        1,
        1,
        1,
        null,
        null,
        1,
        1,
        1,
        null,
        null,
        1,
        4,
        null,
        null,
        1,
        1,
        1,
        1,
        1,
        1,
        null,
        null,
        null,
        1,
        4,
        null,
        null,
        1,
        1,
        1,
        1,
        null,
        null,
        null,
        1,
        1,
        1,
        1,
        null,
        null,
        1,
        1,
        1,
        1,
        null,
        null,
        1,
        1,
        1,
        null,
        1,
        1,
        null,
        null,
        1,
        1,
        1,
        1,
        1,
        null,
        1,
        1,
        null,
        null
      ],
      "/Users/troiani/Developer/MariaRonin/air_bnb/spec/features/sign_up_spec.rb": [
        1,
        null,
        1,
        2,
        1,
        1,
        null,
        null,
        1,
        1,
        null,
        null,
        null,
        null,
        2,
        1,
        1,
        null,
        null,
        null,
        1,
        1,
        null,
        null,
        null,
        null,
        2,
        1,
        null,
        null,
        1,
        1,
        null,
        null,
        null,
        null,
        1,
        2,
        1,
        null,
        null,
        1,
        1,
        null,
        null,
        null,
        null,
        1,
        2,
        1,
        null,
        null,
        1,
        1,
        null,
        null,
        null,
        null,
        2,
        1,
        null,
        null
      ],
      "/Users/troiani/Developer/MariaRonin/air_bnb/spec/features/view_spaces_spec.rb": [
        1,
        null,
        1,
        4,
        4,
        null,
        null,
        1,
        1,
        1,
        null,
        null,
        1,
        1,
        1,
        1,
        1,
        1,
        null,
        null,
        1,
        1,
        1,
        1,
        1,
        1,
        null,
        null,
        1,
        1,
        1,
        1,
        1,
        1,
        1,
        1,
        null,
        null
      ],
      "/Users/troiani/Developer/MariaRonin/air_bnb/spec/models/user_spec.rb": [
        1,
        null,
        1,
        null,
        1,
        6,
        null,
        null,
        null,
        null,
        null,
        null,
        1,
        1,
        1,
        1,
        1,
        null,
        null,
        null,
        1,
        1,
        1,
        null,
        null,
        null,
        1,
        1,
        1,
        null,
        null,
        null,
        null,
        1,
        1,
        4,
        null,
        null,
        null,
        1,
        1,
        1,
        1,
        1,
        null,
        null,
        null,
        1,
        1,
        1,
        1,
        1,
        null,
        null,
        null,
        null,
        null
      ]
    },
    "timestamp": 1463483485
  }
}
