{
  "RSpec": {
    "coverage": {
      "/home/sergio/Ronin/Week6/air_bnb/app/app.rb": [
        1,
        null,
        1,
        1,
        1,
        1,
        1,
        1,
        1,
        1,
        1
      ],
      "/home/sergio/Ronin/Week6/air_bnb/app/data_mapper_setup.rb": [
        1,
        1,
        1,
        1,
        1,
        null,
        1,
        null,
        null,
        1,
        null,
        1
      ],
      "/home/sergio/Ronin/Week6/air_bnb/app/models/user.rb": [
        1,
        1,
        1,
        null,
        1,
        1,
        null,
        1,
        null,
        1,
        1,
        null,
        1,
        1,
        1,
        1,
        1,
        1,
        1,
        null,
        1,
        null,
        1,
        41,
        41,
        null,
        null,
        1,
        7,
        7,
        3,
        null,
        null,
        null,
        1,
        12,
        12,
        12,
        null,
        null,
        1,
        10,
        10,
        8,
        null,
        null,
        null
      ],
      "/home/sergio/Ronin/Week6/air_bnb/app/models/space.rb": [
        1,
        1,
        null,
        1,
        1,
        1,
        1,
        1,
        1,
        null,
        1,
        null,
        null
      ],
      "/home/sergio/Ronin/Week6/air_bnb/app/server.rb": [
        1,
        1,
        1,
        1,
        1,
        1,
        1,
        null,
        1,
        null,
        null,
        1,
        null,
        null,
        1,
        1,
        367,
        null,
        null,
        null
      ],
      "/home/sergio/Ronin/Week6/air_bnb/app/controllers/spaces.rb": [
        1,
        null,
        1,
        1,
        null,
        null,
        1,
        67,
        67,
        null,
        null,
        1,
        13,
        null,
        null,
        1,
        9,
        null,
        null,
        null,
        null,
        null,
        9,
        3,
        3,
        null,
        6,
        null,
        null,
        null
      ],
      "/home/sergio/Ronin/Week6/air_bnb/app/controllers/users.rb": [
        1,
        null,
        1,
        32,
        null,
        null,
        1,
        32,
        null,
        null,
        32,
        5,
        null,
        27,
        null,
        32,
        null,
        null,
        1,
        10,
        null,
        null,
        1,
        9,
        9,
        8,
        8,
        null,
        null,
        1,
        null,
        9,
        null,
        null,
        1,
        5,
        4,
        null,
        1,
        1,
        null,
        null,
        null,
        1,
        3,
        3,
        null,
        2,
        null,
        1,
        1,
        null,
        null,
        null
      ],
      "/home/sergio/Ronin/Week6/air_bnb/app/controllers/sessions.rb": [
        1,
        null,
        1,
        9,
        null,
        null,
        1,
        10,
        10,
        null,
        null,
        1,
        4,
        4,
        2,
        null,
        2,
        2,
        null,
        4,
        null,
        null
      ],
      "/home/sergio/Ronin/Week6/air_bnb/spec/helpers/session.rb": [
        1,
        1,
        null,
        null,
        null,
        null,
        null,
        32,
        32,
        32,
        32,
        32,
        32,
        32,
        null,
        null,
        1,
        null,
        null,
        null,
        null,
        null,
        9,
        9,
        9,
        9,
        9,
        9,
        9,
        null,
        null,
        1,
        null,
        4,
        4,
        4,
        4,
        null,
        null,
        1,
        10,
        null,
        null,
        1,
        9,
        9,
        9,
        null,
        null,
        1,
        null,
        3,
        3,
        3,
        3,
        null,
        null
      ],
      "/home/sergio/Ronin/Week6/air_bnb/spec/features/create_space_spec.rb": [
        1,
        1,
        1,
        2,
        1,
        1,
        1,
        1,
        null,
        null,
        1,
        1,
        1,
        1,
        1,
        null,
        null,
        1,
        1,
        1,
        1,
        1,
        2,
        2,
        2,
        null,
        null,
        1,
        1,
        1,
        1,
        null,
        null
      ],
      "/home/sergio/Ronin/Week6/air_bnb/spec/features/login_spec.rb": [
        1,
        1,
        4,
        4,
        null,
        null,
        1,
        1,
        1,
        null,
        null,
        1,
        1,
        1,
        null,
        null,
        1,
        1,
        1,
        null,
        null,
        1,
        1,
        1,
        null,
        null
      ],
      "/home/sergio/Ronin/Week6/air_bnb/spec/features/logout_spec.rb": [
        1,
        1,
        1,
        1,
        1,
        1,
        null,
        null
      ],
      "/home/sergio/Ronin/Week6/air_bnb/spec/features/password_recovery_spec.rb": [
        1,
        1,
        12,
        null,
        null,
        4,
        null,
        1,
        1,
        1,
        1,
        1,
        null,
        null,
        1,
        1,
        1,
        1,
        1,
        null,
        null,
        1,
        1,
        1,
        null,
        null,
        1,
        1,
        1,
        null,
        null,
        1,
        4,
        null,
        null,
        1,
        1,
        1,
        1,
        1,
        1,
        null,
        null,
        null,
        1,
        4,
        null,
        null,
        1,
        1,
        1,
        1,
        null,
        null,
        null,
        1,
        1,
        1,
        1,
        null,
        null,
        1,
        1,
        1,
        1,
        null,
        null,
        1,
        1,
        1,
        null,
        1,
        1,
        null,
        null,
        1,
        1,
        1,
        1,
        1,
        null,
        1,
        1,
        null,
        null
      ],
      "/home/sergio/Ronin/Week6/air_bnb/spec/features/sign_up_spec.rb": [
        1,
        null,
        1,
        2,
        1,
        1,
        null,
        null,
        1,
        1,
        null,
        null,
        null,
        null,
        2,
        1,
        1,
        null,
        null,
        null,
        1,
        1,
        null,
        null,
        null,
        null,
        2,
        1,
        null,
        null,
        1,
        1,
        null,
        null,
        null,
        null,
        1,
        2,
        1,
        null,
        null,
        1,
        1,
        null,
        null,
        null,
        null,
        1,
        2,
        1,
        null,
        null,
        1,
        1,
        null,
        null,
        null,
        null,
        2,
        1,
        null,
        null
      ],
      "/home/sergio/Ronin/Week6/air_bnb/spec/features/view_spaces_spec.rb": [
        1,
        null,
        1,
        3,
        3,
        null,
        null,
        1,
        1,
        1,
        null,
        null,
        1,
        1,
        1,
        1,
        1,
        1,
        null,
        null,
        1,
        1,
        1,
        1,
        1,
        1,
        null,
        null
      ],
      "/home/sergio/Ronin/Week6/air_bnb/spec/models/user_spec.rb": [
        1,
        null,
        1,
        null,
        1,
        6,
        null,
        null,
        null,
        null,
        null,
        null,
        1,
        1,
        1,
        1,
        1,
        null,
        null,
        null,
        1,
        1,
        1,
        null,
        null,
        null,
        1,
        1,
        1,
        null,
        null,
        null,
        null,
        1,
        1,
        4,
        null,
        null,
        null,
        1,
        1,
        1,
        1,
        1,
        null,
        null,
        null,
        1,
        1,
        1,
        1,
        1,
        null,
        null,
        null,
        null,
        null
      ]
    },
    "timestamp": 1463478110
  }
}
